15:37:49.685 [main] INFO  com.example.demo.DemoApplication - Starting DemoApplication using Java 20 with PID 92465 (/Users/juandaantoniuspakpahan/Java-phincon/demo/target/classes started by juandaantoniuspakpahan in /Users/juandaantoniuspakpahan/Java-phincon/demo)
15:37:49.687 [main] DEBUG com.example.demo.DemoApplication - Running with Spring Boot v3.1.2, Spring v6.0.11
15:37:49.689 [main] INFO  com.example.demo.DemoApplication - No active profile set, falling back to 1 default profile: "default"
15:37:51.088 [main] INFO  o.s.b.w.e.tomcat.TomcatWebServer - Tomcat initialized with port(s): 8080 (http)
15:37:51.105 [main] INFO  o.a.coyote.http11.Http11NioProtocol - Initializing ProtocolHandler ["http-nio-8080"]
15:37:51.110 [main] INFO  o.a.catalina.core.StandardService - Starting service [Tomcat]
15:37:51.111 [main] INFO  o.a.catalina.core.StandardEngine - Starting Servlet engine: [Apache Tomcat/10.1.11]
15:37:51.265 [main] INFO  o.a.c.c.C.[Tomcat].[localhost].[/] - Initializing Spring embedded WebApplicationContext
15:37:51.268 [main] INFO  o.s.b.w.s.c.ServletWebServerApplicationContext - Root WebApplicationContext: initialization completed in 1502 ms
15:37:51.753 [main] INFO  o.a.coyote.http11.Http11NioProtocol - Starting ProtocolHandler ["http-nio-8080"]
15:37:51.781 [main] INFO  o.s.b.w.e.tomcat.TomcatWebServer - Tomcat started on port(s): 8080 (http) with context path ''
15:37:51.796 [main] INFO  com.example.demo.DemoApplication - Started DemoApplication in 2.969 seconds (process running for 3.508)
15:38:03.917 [http-nio-8080-exec-1] INFO  o.a.c.c.C.[Tomcat].[localhost].[/] - Initializing Spring DispatcherServlet 'dispatcherServlet'
15:38:03.917 [http-nio-8080-exec-1] INFO  o.s.web.servlet.DispatcherServlet - Initializing Servlet 'dispatcherServlet'
15:38:03.922 [http-nio-8080-exec-1] INFO  o.s.web.servlet.DispatcherServlet - Completed initialization in 4 ms
15:41:59.929 [main] INFO  com.example.demo.DemoApplication - Starting DemoApplication using Java 20 with PID 93316 (/Users/juandaantoniuspakpahan/Java-phincon/demo/target/classes started by juandaantoniuspakpahan in /Users/juandaantoniuspakpahan/Java-phincon/demo)
15:41:59.932 [main] DEBUG com.example.demo.DemoApplication - Running with Spring Boot v3.1.2, Spring v6.0.11
15:41:59.933 [main] INFO  com.example.demo.DemoApplication - No active profile set, falling back to 1 default profile: "default"
15:42:01.372 [main] INFO  o.s.b.w.e.tomcat.TomcatWebServer - Tomcat initialized with port(s): 8080 (http)
15:42:01.389 [main] INFO  o.a.coyote.http11.Http11NioProtocol - Initializing ProtocolHandler ["http-nio-8080"]
15:42:01.394 [main] INFO  o.a.catalina.core.StandardService - Starting service [Tomcat]
15:42:01.395 [main] INFO  o.a.catalina.core.StandardEngine - Starting Servlet engine: [Apache Tomcat/10.1.11]
15:42:01.543 [main] INFO  o.a.c.c.C.[Tomcat].[localhost].[/] - Initializing Spring embedded WebApplicationContext
15:42:01.545 [main] INFO  o.s.b.w.s.c.ServletWebServerApplicationContext - Root WebApplicationContext: initialization completed in 1533 ms
15:42:02.102 [main] INFO  o.a.coyote.http11.Http11NioProtocol - Starting ProtocolHandler ["http-nio-8080"]
15:42:02.132 [main] INFO  o.s.b.w.e.tomcat.TomcatWebServer - Tomcat started on port(s): 8080 (http) with context path ''
15:42:02.147 [main] INFO  com.example.demo.DemoApplication - Started DemoApplication in 3.087 seconds (process running for 3.622)
15:42:08.053 [http-nio-8080-exec-1] INFO  o.a.c.c.C.[Tomcat].[localhost].[/] - Initializing Spring DispatcherServlet 'dispatcherServlet'
15:42:08.056 [http-nio-8080-exec-1] INFO  o.s.web.servlet.DispatcherServlet - Initializing Servlet 'dispatcherServlet'
15:42:08.070 [http-nio-8080-exec-1] INFO  o.s.web.servlet.DispatcherServlet - Completed initialization in 14 ms
15:42:08.158 [http-nio-8080-exec-1] DEBUG c.e.demo.controller.LoggerController - A DEBUG Message
15:42:08.159 [http-nio-8080-exec-1] INFO  c.e.demo.controller.LoggerController - An INFO Message
15:42:08.159 [http-nio-8080-exec-1] WARN  c.e.demo.controller.LoggerController - A WARN Message
15:42:08.159 [http-nio-8080-exec-1] ERROR c.e.demo.controller.LoggerController - An ERROR Message
15:44:41.371 [main] INFO  com.example.demo.DemoApplication - Starting DemoApplication using Java 20 with PID 93840 (/Users/juandaantoniuspakpahan/Java-phincon/demo/target/classes started by juandaantoniuspakpahan in /Users/juandaantoniuspakpahan/Java-phincon/demo)
15:44:41.376 [main] INFO  com.example.demo.DemoApplication - No active profile set, falling back to 1 default profile: "default"
15:44:42.812 [main] INFO  o.s.b.w.e.tomcat.TomcatWebServer - Tomcat initialized with port(s): 8080 (http)
15:44:42.828 [main] INFO  o.a.coyote.http11.Http11NioProtocol - Initializing ProtocolHandler ["http-nio-8080"]
15:44:42.833 [main] INFO  o.a.catalina.core.StandardService - Starting service [Tomcat]
15:44:42.833 [main] INFO  o.a.catalina.core.StandardEngine - Starting Servlet engine: [Apache Tomcat/10.1.11]
15:44:42.968 [main] INFO  o.a.c.c.C.[Tomcat].[localhost].[/] - Initializing Spring embedded WebApplicationContext
15:44:42.972 [main] INFO  o.s.b.w.s.c.ServletWebServerApplicationContext - Root WebApplicationContext: initialization completed in 1504 ms
15:44:43.464 [main] INFO  o.a.coyote.http11.Http11NioProtocol - Starting ProtocolHandler ["http-nio-8080"]
15:44:43.490 [main] INFO  o.s.b.w.e.tomcat.TomcatWebServer - Tomcat started on port(s): 8080 (http) with context path ''
15:44:43.505 [main] INFO  com.example.demo.DemoApplication - Started DemoApplication in 2.996 seconds (process running for 3.514)
15:44:53.864 [http-nio-8080-exec-1] INFO  o.a.c.c.C.[Tomcat].[localhost].[/] - Initializing Spring DispatcherServlet 'dispatcherServlet'
15:44:53.864 [http-nio-8080-exec-1] INFO  o.s.web.servlet.DispatcherServlet - Initializing Servlet 'dispatcherServlet'
15:44:53.868 [http-nio-8080-exec-1] INFO  o.s.web.servlet.DispatcherServlet - Completed initialization in 4 ms
15:44:53.914 [http-nio-8080-exec-1] INFO  c.e.demo.controller.LoggerController - An INFO Message
15:44:53.914 [http-nio-8080-exec-1] WARN  c.e.demo.controller.LoggerController - A WARN Message
15:44:53.914 [http-nio-8080-exec-1] ERROR c.e.demo.controller.LoggerController - An ERROR Message
15:47:24.054 [main] INFO  com.example.demo.DemoApplication - Starting DemoApplication using Java 20 with PID 94393 (/Users/juandaantoniuspakpahan/Java-phincon/demo/target/classes started by juandaantoniuspakpahan in /Users/juandaantoniuspakpahan/Java-phincon/demo)
15:47:24.060 [main] INFO  com.example.demo.DemoApplication - No active profile set, falling back to 1 default profile: "default"
15:47:25.462 [main] INFO  o.s.b.w.e.tomcat.TomcatWebServer - Tomcat initialized with port(s): 8080 (http)
15:47:25.478 [main] INFO  o.a.coyote.http11.Http11NioProtocol - Initializing ProtocolHandler ["http-nio-8080"]
15:47:25.483 [main] INFO  o.a.catalina.core.StandardService - Starting service [Tomcat]
15:47:25.484 [main] INFO  o.a.catalina.core.StandardEngine - Starting Servlet engine: [Apache Tomcat/10.1.11]
15:47:25.631 [main] INFO  o.a.c.c.C.[Tomcat].[localhost].[/] - Initializing Spring embedded WebApplicationContext
15:47:25.634 [main] INFO  o.s.b.w.s.c.ServletWebServerApplicationContext - Root WebApplicationContext: initialization completed in 1493 ms
15:47:26.119 [main] INFO  o.a.coyote.http11.Http11NioProtocol - Starting ProtocolHandler ["http-nio-8080"]
15:47:26.146 [main] INFO  o.s.b.w.e.tomcat.TomcatWebServer - Tomcat started on port(s): 8080 (http) with context path ''
15:47:26.161 [main] INFO  com.example.demo.DemoApplication - Started DemoApplication in 2.929 seconds (process running for 3.441)
15:47:30.719 [http-nio-8080-exec-1] INFO  o.a.c.c.C.[Tomcat].[localhost].[/] - Initializing Spring DispatcherServlet 'dispatcherServlet'
15:47:30.719 [http-nio-8080-exec-1] INFO  o.s.web.servlet.DispatcherServlet - Initializing Servlet 'dispatcherServlet'
15:47:30.723 [http-nio-8080-exec-1] INFO  o.s.web.servlet.DispatcherServlet - Completed initialization in 4 ms
15:47:30.765 [http-nio-8080-exec-1] INFO  c.e.demo.controller.LoggerController - An INFO Message
15:47:30.765 [http-nio-8080-exec-1] WARN  c.e.demo.controller.LoggerController - A WARN Message
15:47:30.765 [http-nio-8080-exec-1] ERROR c.e.demo.controller.LoggerController - An ERROR Message
15:47:38.482 [http-nio-8080-exec-4] INFO  c.e.demo.controller.LoggerController - An INFO Message
15:47:38.484 [http-nio-8080-exec-4] WARN  c.e.demo.controller.LoggerController - A WARN Message
15:47:38.484 [http-nio-8080-exec-4] ERROR c.e.demo.controller.LoggerController - An ERROR Message
15:47:38.602 [http-nio-8080-exec-5] INFO  c.e.demo.controller.LoggerController - An INFO Message
15:47:38.603 [http-nio-8080-exec-5] WARN  c.e.demo.controller.LoggerController - A WARN Message
15:47:38.604 [http-nio-8080-exec-5] ERROR c.e.demo.controller.LoggerController - An ERROR Message
15:47:38.768 [http-nio-8080-exec-6] INFO  c.e.demo.controller.LoggerController - An INFO Message
15:47:38.769 [http-nio-8080-exec-6] WARN  c.e.demo.controller.LoggerController - A WARN Message
15:47:38.769 [http-nio-8080-exec-6] ERROR c.e.demo.controller.LoggerController - An ERROR Message
15:47:38.912 [http-nio-8080-exec-7] INFO  c.e.demo.controller.LoggerController - An INFO Message
15:47:38.913 [http-nio-8080-exec-7] WARN  c.e.demo.controller.LoggerController - A WARN Message
15:47:38.913 [http-nio-8080-exec-7] ERROR c.e.demo.controller.LoggerController - An ERROR Message
15:47:39.061 [http-nio-8080-exec-8] INFO  c.e.demo.controller.LoggerController - An INFO Message
15:47:39.061 [http-nio-8080-exec-8] WARN  c.e.demo.controller.LoggerController - A WARN Message
15:47:39.061 [http-nio-8080-exec-8] ERROR c.e.demo.controller.LoggerController - An ERROR Message
15:47:39.229 [http-nio-8080-exec-9] INFO  c.e.demo.controller.LoggerController - An INFO Message
15:47:39.234 [http-nio-8080-exec-9] WARN  c.e.demo.controller.LoggerController - A WARN Message
15:47:39.234 [http-nio-8080-exec-9] ERROR c.e.demo.controller.LoggerController - An ERROR Message
15:47:39.369 [http-nio-8080-exec-10] INFO  c.e.demo.controller.LoggerController - An INFO Message
15:47:39.369 [http-nio-8080-exec-10] WARN  c.e.demo.controller.LoggerController - A WARN Message
15:47:39.369 [http-nio-8080-exec-10] ERROR c.e.demo.controller.LoggerController - An ERROR Message
15:47:39.522 [http-nio-8080-exec-1] INFO  c.e.demo.controller.LoggerController - An INFO Message
15:47:39.522 [http-nio-8080-exec-1] WARN  c.e.demo.controller.LoggerController - A WARN Message
15:47:39.522 [http-nio-8080-exec-1] ERROR c.e.demo.controller.LoggerController - An ERROR Message
15:49:28.686 [main] INFO  com.example.demo.DemoApplication - Starting DemoApplication using Java 20 with PID 94805 (/Users/juandaantoniuspakpahan/Java-phincon/demo/target/classes started by juandaantoniuspakpahan in /Users/juandaantoniuspakpahan/Java-phincon/demo)
15:49:28.690 [main] INFO  com.example.demo.DemoApplication - No active profile set, falling back to 1 default profile: "default"
15:49:30.788 [main] INFO  com.example.demo.DemoApplication - Started DemoApplication in 2.931 seconds (process running for 3.448)
15:49:35.055 [http-nio-8080-exec-1] INFO  c.e.demo.controller.LoggerController - An INFO Message
15:49:35.056 [http-nio-8080-exec-1] WARN  c.e.demo.controller.LoggerController - A WARN Message
15:49:35.056 [http-nio-8080-exec-1] ERROR c.e.demo.controller.LoggerController - An ERROR Message
15:50:07.953 [main] INFO  com.example.demo.DemoApplication - Starting DemoApplication using Java 20 with PID 94946 (/Users/juandaantoniuspakpahan/Java-phincon/demo/target/classes started by juandaantoniuspakpahan in /Users/juandaantoniuspakpahan/Java-phincon/demo)
15:50:07.957 [main] INFO  com.example.demo.DemoApplication - No active profile set, falling back to 1 default profile: "default"
15:50:09.357 [main] INFO  o.s.b.w.e.tomcat.TomcatWebServer - Tomcat initialized with port(s): 8080 (http)
15:50:09.373 [main] INFO  o.a.coyote.http11.Http11NioProtocol - Initializing ProtocolHandler ["http-nio-8080"]
15:50:09.378 [main] INFO  o.a.catalina.core.StandardService - Starting service [Tomcat]
15:50:09.378 [main] INFO  o.a.catalina.core.StandardEngine - Starting Servlet engine: [Apache Tomcat/10.1.11]
15:50:09.510 [main] INFO  o.a.c.c.C.[Tomcat].[localhost].[/] - Initializing Spring embedded WebApplicationContext
15:50:09.513 [main] INFO  o.s.b.w.s.c.ServletWebServerApplicationContext - Root WebApplicationContext: initialization completed in 1473 ms
15:50:09.995 [main] INFO  o.a.coyote.http11.Http11NioProtocol - Starting ProtocolHandler ["http-nio-8080"]
15:50:10.021 [main] INFO  o.s.b.w.e.tomcat.TomcatWebServer - Tomcat started on port(s): 8080 (http) with context path ''
15:50:10.037 [main] INFO  com.example.demo.DemoApplication - Started DemoApplication in 2.911 seconds (process running for 3.435)
15:50:13.846 [http-nio-8080-exec-1] INFO  o.a.c.c.C.[Tomcat].[localhost].[/] - Initializing Spring DispatcherServlet 'dispatcherServlet'
15:50:13.847 [http-nio-8080-exec-1] INFO  o.s.web.servlet.DispatcherServlet - Initializing Servlet 'dispatcherServlet'
15:50:13.851 [http-nio-8080-exec-1] INFO  o.s.web.servlet.DispatcherServlet - Completed initialization in 4 ms
15:50:13.893 [http-nio-8080-exec-1] INFO  c.e.demo.controller.LoggerController - An INFO Message
15:50:13.893 [http-nio-8080-exec-1] WARN  c.e.demo.controller.LoggerController - A WARN Message
15:50:13.893 [http-nio-8080-exec-1] ERROR c.e.demo.controller.LoggerController - An ERROR Message
15:50:18.945 [http-nio-8080-exec-4] INFO  c.e.demo.controller.LoggerController - An INFO Message
15:50:18.947 [http-nio-8080-exec-4] WARN  c.e.demo.controller.LoggerController - A WARN Message
15:50:18.947 [http-nio-8080-exec-4] ERROR c.e.demo.controller.LoggerController - An ERROR Message
16:09:00.602 [main] ERROR o.s.boot.SpringApplication - Application run failed
java.lang.IllegalStateException: java.lang.IllegalStateException: Logback configuration error detected: 
ERROR in ch.qos.logback.classic.pattern.ClassOfCallerConverter@6d7fc27 - failed to parse integer string [1.] java.lang.NumberFormatException: For input string: "1."
	at org.springframework.boot.context.logging.LoggingApplicationListener.initializeSystem(LoggingApplicationListener.java:347)
	at org.springframework.boot.context.logging.LoggingApplicationListener.initialize(LoggingApplicationListener.java:298)
	at org.springframework.boot.context.logging.LoggingApplicationListener.onApplicationEnvironmentPreparedEvent(LoggingApplicationListener.java:246)
	at org.springframework.boot.context.logging.LoggingApplicationListener.onApplicationEvent(LoggingApplicationListener.java:223)
	at org.springframework.context.event.SimpleApplicationEventMulticaster.doInvokeListener(SimpleApplicationEventMulticaster.java:172)
	at org.springframework.context.event.SimpleApplicationEventMulticaster.invokeListener(SimpleApplicationEventMulticaster.java:165)
	at org.springframework.context.event.SimpleApplicationEventMulticaster.multicastEvent(SimpleApplicationEventMulticaster.java:143)
	at org.springframework.context.event.SimpleApplicationEventMulticaster.multicastEvent(SimpleApplicationEventMulticaster.java:131)
	at org.springframework.boot.context.event.EventPublishingRunListener.multicastInitialEvent(EventPublishingRunListener.java:136)
	at org.springframework.boot.context.event.EventPublishingRunListener.environmentPrepared(EventPublishingRunListener.java:81)
	at org.springframework.boot.SpringApplicationRunListeners.lambda$environmentPrepared$2(SpringApplicationRunListeners.java:64)
	at java.base/java.lang.Iterable.forEach(Iterable.java:75)
	at org.springframework.boot.SpringApplicationRunListeners.doWithListeners(SpringApplicationRunListeners.java:118)
	at org.springframework.boot.SpringApplicationRunListeners.doWithListeners(SpringApplicationRunListeners.java:112)
	at org.springframework.boot.SpringApplicationRunListeners.environmentPrepared(SpringApplicationRunListeners.java:63)
	at org.springframework.boot.SpringApplication.prepareEnvironment(SpringApplication.java:356)
	at org.springframework.boot.SpringApplication.run(SpringApplication.java:307)
	at org.springframework.boot.SpringApplication.run(SpringApplication.java:1306)
	at org.springframework.boot.SpringApplication.run(SpringApplication.java:1295)
	at com.example.demo.DemoApplication.main(DemoApplication.java:15)
Caused by: java.lang.IllegalStateException: Logback configuration error detected: 
ERROR in ch.qos.logback.classic.pattern.ClassOfCallerConverter@6d7fc27 - failed to parse integer string [1.] java.lang.NumberFormatException: For input string: "1."
	at org.springframework.boot.logging.logback.LogbackLoggingSystem.reportConfigurationErrorsIfNecessary(LogbackLoggingSystem.java:260)
	at org.springframework.boot.logging.logback.LogbackLoggingSystem.loadConfiguration(LogbackLoggingSystem.java:247)
	at org.springframework.boot.logging.AbstractLoggingSystem.initializeWithConventions(AbstractLoggingSystem.java:80)
	at org.springframework.boot.logging.AbstractLoggingSystem.initialize(AbstractLoggingSystem.java:60)
	at org.springframework.boot.logging.logback.LogbackLoggingSystem.initialize(LogbackLoggingSystem.java:187)
	at org.springframework.boot.context.logging.LoggingApplicationListener.initializeSystem(LoggingApplicationListener.java:332)
	... 19 common frames omitted
16:11:54.340 [main] INFO  com.example.demo.DemoApplication - Starting DemoApplication using Java 20 with PID 96486 (/Users/juandaantoniuspakpahan/Java-phincon/demo/target/classes started by juandaantoniuspakpahan in /Users/juandaantoniuspakpahan/Java-phincon/demo)
16:11:54.344 [main] INFO  com.example.demo.DemoApplication - No active profile set, falling back to 1 default profile: "default"
16:11:55.803 [main] INFO  o.s.b.w.e.tomcat.TomcatWebServer - Tomcat initialized with port(s): 8080 (http)
16:11:55.820 [main] INFO  o.a.coyote.http11.Http11NioProtocol - Initializing ProtocolHandler ["http-nio-8080"]
16:11:55.825 [main] INFO  o.a.catalina.core.StandardService - Starting service [Tomcat]
16:11:55.826 [main] INFO  o.a.catalina.core.StandardEngine - Starting Servlet engine: [Apache Tomcat/10.1.11]
16:11:55.974 [main] INFO  o.a.c.c.C.[Tomcat].[localhost].[/] - Initializing Spring embedded WebApplicationContext
16:11:55.977 [main] INFO  o.s.b.w.s.c.ServletWebServerApplicationContext - Root WebApplicationContext: initialization completed in 1550 ms
16:11:56.469 [main] INFO  o.a.coyote.http11.Http11NioProtocol - Starting ProtocolHandler ["http-nio-8080"]
16:11:56.497 [main] INFO  o.s.b.w.e.tomcat.TomcatWebServer - Tomcat started on port(s): 8080 (http) with context path ''
16:11:56.512 [main] INFO  com.example.demo.DemoApplication - Started DemoApplication in 3.005 seconds (process running for 3.53)
16:12:04.407 [http-nio-8080-exec-2] INFO  o.a.c.c.C.[Tomcat].[localhost].[/] - Initializing Spring DispatcherServlet 'dispatcherServlet'
16:12:04.407 [http-nio-8080-exec-2] INFO  o.s.web.servlet.DispatcherServlet - Initializing Servlet 'dispatcherServlet'
16:12:04.412 [http-nio-8080-exec-2] INFO  o.s.web.servlet.DispatcherServlet - Completed initialization in 5 ms
16:12:04.504 [http-nio-8080-exec-2] INFO  c.e.demo.controller.LoggerController - An INFO Message
16:12:04.505 [http-nio-8080-exec-2] WARN  c.e.demo.controller.LoggerController - A WARN Message
16:12:04.505 [http-nio-8080-exec-2] ERROR c.e.demo.controller.LoggerController - An ERROR Message
